[0.784s] Invoking command in '/home/baltasar/proyecto final/deteccion_objetos/ros2_ws/src/yolo_node': DEBUGINFOD_URLS=https://debuginfod.ubuntu.com PS1=(my_env) \[\e]0;\u@\h: \w\a\]${debian_chroot:+($debian_chroot)}\[\033[01;32m\]\u@\h\[\033[00m\]:\[\033[01;34m\]\w\[\033[00m\]\$ PYTHONPATH=/home/baltasar/proyecto final/deteccion_objetos/ros2_ws/build/yolo_node/prefix_override:/usr/lib/python3/dist-packages/colcon_core/task/python/colcon_distutils_commands:/home/baltasar/proyecto final/deteccion_objetos/ros2_ws/install/yolo_node/lib/python3.12/site-packages:${PYTHONPATH} VIRTUAL_ENV_PROMPT=(my_env) /usr/bin/python3 -W ignore:setup.py install is deprecated -W ignore:easy_install command is deprecated setup.py egg_info --egg-base ../../build/yolo_node build --build-base /home/baltasar/proyecto final/deteccion_objetos/ros2_ws/build/yolo_node/build install --record /home/baltasar/proyecto final/deteccion_objetos/ros2_ws/build/yolo_node/install.log --single-version-externally-managed install_data
[1.037s] running egg_info
[1.055s] writing ../../build/yolo_node/yolo_node.egg-info/PKG-INFO
[1.056s] writing dependency_links to ../../build/yolo_node/yolo_node.egg-info/dependency_links.txt
[1.056s] writing entry points to ../../build/yolo_node/yolo_node.egg-info/entry_points.txt
[1.056s] writing requirements to ../../build/yolo_node/yolo_node.egg-info/requires.txt
[1.056s] writing top-level names to ../../build/yolo_node/yolo_node.egg-info/top_level.txt
[1.092s] reading manifest file '../../build/yolo_node/yolo_node.egg-info/SOURCES.txt'
[1.093s] writing manifest file '../../build/yolo_node/yolo_node.egg-info/SOURCES.txt'
[1.093s] running build
[1.093s] running build_py
[1.093s] copying yolo_node/yolo_detect_node.py -> /home/baltasar/proyecto final/deteccion_objetos/ros2_ws/build/yolo_node/build/lib/yolo_node
[1.094s] running install
[1.100s] running install_lib
[1.120s] copying /home/baltasar/proyecto final/deteccion_objetos/ros2_ws/build/yolo_node/build/lib/yolo_node/yolo_detect_node.py -> /home/baltasar/proyecto final/deteccion_objetos/ros2_ws/install/yolo_node/lib/python3.12/site-packages/yolo_node
[1.121s] byte-compiling /home/baltasar/proyecto final/deteccion_objetos/ros2_ws/install/yolo_node/lib/python3.12/site-packages/yolo_node/yolo_detect_node.py to yolo_detect_node.cpython-312.pyc
[1.122s] running install_data
[1.122s] running install_egg_info
[1.141s] removing '/home/baltasar/proyecto final/deteccion_objetos/ros2_ws/install/yolo_node/lib/python3.12/site-packages/yolo_node-0.0.0-py3.12.egg-info' (and everything under it)
[1.142s] Copying ../../build/yolo_node/yolo_node.egg-info to /home/baltasar/proyecto final/deteccion_objetos/ros2_ws/install/yolo_node/lib/python3.12/site-packages/yolo_node-0.0.0-py3.12.egg-info
[1.142s] running install_scripts
[1.268s] Installing yolo_detect script to /home/baltasar/proyecto final/deteccion_objetos/ros2_ws/install/yolo_node/lib/yolo_node
[1.268s] writing list of installed files to '/home/baltasar/proyecto final/deteccion_objetos/ros2_ws/build/yolo_node/install.log'
[1.318s] Invoked command in '/home/baltasar/proyecto final/deteccion_objetos/ros2_ws/src/yolo_node' returned '0': DEBUGINFOD_URLS=https://debuginfod.ubuntu.com PS1=(my_env) \[\e]0;\u@\h: \w\a\]${debian_chroot:+($debian_chroot)}\[\033[01;32m\]\u@\h\[\033[00m\]:\[\033[01;34m\]\w\[\033[00m\]\$ PYTHONPATH=/home/baltasar/proyecto final/deteccion_objetos/ros2_ws/build/yolo_node/prefix_override:/usr/lib/python3/dist-packages/colcon_core/task/python/colcon_distutils_commands:/home/baltasar/proyecto final/deteccion_objetos/ros2_ws/install/yolo_node/lib/python3.12/site-packages:${PYTHONPATH} VIRTUAL_ENV_PROMPT=(my_env) /usr/bin/python3 -W ignore:setup.py install is deprecated -W ignore:easy_install command is deprecated setup.py egg_info --egg-base ../../build/yolo_node build --build-base /home/baltasar/proyecto final/deteccion_objetos/ros2_ws/build/yolo_node/build install --record /home/baltasar/proyecto final/deteccion_objetos/ros2_ws/build/yolo_node/install.log --single-version-externally-managed install_data
