[0.773s] Invoking command in '/home/baltasar/proyecto final/deteccion_objetos/ros2_ws/src/yolo_node': DEBUGINFOD_URLS=https://debuginfod.ubuntu.com PS1=(my_env) \[\e]0;\u@\h: \w\a\]${debian_chroot:+($debian_chroot)}\[\033[01;32m\]\u@\h\[\033[00m\]:\[\033[01;34m\]\w\[\033[00m\]\$ PYTHONPATH=/home/baltasar/proyecto final/deteccion_objetos/ros2_ws/build/yolo_node/prefix_override:/usr/lib/python3/dist-packages/colcon_core/task/python/colcon_distutils_commands:/home/baltasar/proyecto final/deteccion_objetos/ros2_ws/install/yolo_node/lib/python3.12/site-packages:${PYTHONPATH} VIRTUAL_ENV_PROMPT=(my_env) /usr/bin/python3 -W ignore:setup.py install is deprecated -W ignore:easy_install command is deprecated setup.py egg_info --egg-base ../../build/yolo_node build --build-base /home/baltasar/proyecto final/deteccion_objetos/ros2_ws/build/yolo_node/build install --record /home/baltasar/proyecto final/deteccion_objetos/ros2_ws/build/yolo_node/install.log --single-version-externally-managed install_data
[1.015s] running egg_info
[1.033s] writing ../../build/yolo_node/yolo_node.egg-info/PKG-INFO
[1.034s] writing dependency_links to ../../build/yolo_node/yolo_node.egg-info/dependency_links.txt
[1.034s] writing entry points to ../../build/yolo_node/yolo_node.egg-info/entry_points.txt
[1.034s] writing requirements to ../../build/yolo_node/yolo_node.egg-info/requires.txt
[1.034s] writing top-level names to ../../build/yolo_node/yolo_node.egg-info/top_level.txt
[1.070s] reading manifest file '../../build/yolo_node/yolo_node.egg-info/SOURCES.txt'
[1.071s] writing manifest file '../../build/yolo_node/yolo_node.egg-info/SOURCES.txt'
[1.071s] running build
[1.071s] running build_py
[1.071s] running install
[1.077s] running install_lib
[1.095s] running install_data
[1.096s] running install_egg_info
[1.116s] removing '/home/baltasar/proyecto final/deteccion_objetos/ros2_ws/install/yolo_node/lib/python3.12/site-packages/yolo_node-0.0.0-py3.12.egg-info' (and everything under it)
[1.116s] Copying ../../build/yolo_node/yolo_node.egg-info to /home/baltasar/proyecto final/deteccion_objetos/ros2_ws/install/yolo_node/lib/python3.12/site-packages/yolo_node-0.0.0-py3.12.egg-info
[1.117s] running install_scripts
[1.241s] Installing yolo_detect script to /home/baltasar/proyecto final/deteccion_objetos/ros2_ws/install/yolo_node/lib/yolo_node
[1.241s] writing list of installed files to '/home/baltasar/proyecto final/deteccion_objetos/ros2_ws/build/yolo_node/install.log'
[1.283s] Invoked command in '/home/baltasar/proyecto final/deteccion_objetos/ros2_ws/src/yolo_node' returned '0': DEBUGINFOD_URLS=https://debuginfod.ubuntu.com PS1=(my_env) \[\e]0;\u@\h: \w\a\]${debian_chroot:+($debian_chroot)}\[\033[01;32m\]\u@\h\[\033[00m\]:\[\033[01;34m\]\w\[\033[00m\]\$ PYTHONPATH=/home/baltasar/proyecto final/deteccion_objetos/ros2_ws/build/yolo_node/prefix_override:/usr/lib/python3/dist-packages/colcon_core/task/python/colcon_distutils_commands:/home/baltasar/proyecto final/deteccion_objetos/ros2_ws/install/yolo_node/lib/python3.12/site-packages:${PYTHONPATH} VIRTUAL_ENV_PROMPT=(my_env) /usr/bin/python3 -W ignore:setup.py install is deprecated -W ignore:easy_install command is deprecated setup.py egg_info --egg-base ../../build/yolo_node build --build-base /home/baltasar/proyecto final/deteccion_objetos/ros2_ws/build/yolo_node/build install --record /home/baltasar/proyecto final/deteccion_objetos/ros2_ws/build/yolo_node/install.log --single-version-externally-managed install_data
