[1.714s] Invoking command in '/home/baltasar/proyecto final/deteccion_objetos/ros2_ws/src/yolo_node': DEBUGINFOD_URLS=https://debuginfod.ubuntu.com PS1=(my_env) \[\e]0;\u@\h: \w\a\]${debian_chroot:+($debian_chroot)}\[\033[01;32m\]\u@\h\[\033[00m\]:\[\033[01;34m\]\w\[\033[00m\]\$ PYTHONPATH=/home/baltasar/proyecto final/deteccion_objetos/ros2_ws/build/yolo_node/prefix_override:/usr/lib/python3/dist-packages/colcon_core/task/python/colcon_distutils_commands:/home/baltasar/proyecto final/deteccion_objetos/ros2_ws/install/yolo_node/lib/python3.12/site-packages:${PYTHONPATH} VIRTUAL_ENV_PROMPT=(my_env) /usr/bin/python3 -W ignore:setup.py install is deprecated -W ignore:easy_install command is deprecated setup.py egg_info --egg-base ../../build/yolo_node build --build-base /home/baltasar/proyecto final/deteccion_objetos/ros2_ws/build/yolo_node/build install --record /home/baltasar/proyecto final/deteccion_objetos/ros2_ws/build/yolo_node/install.log --single-version-externally-managed install_data
[2.183s] running egg_info
[2.218s] writing ../../build/yolo_node/yolo_node.egg-info/PKG-INFO
[2.221s] writing dependency_links to ../../build/yolo_node/yolo_node.egg-info/dependency_links.txt
[2.222s] writing entry points to ../../build/yolo_node/yolo_node.egg-info/entry_points.txt
[2.222s] writing requirements to ../../build/yolo_node/yolo_node.egg-info/requires.txt
[2.222s] writing top-level names to ../../build/yolo_node/yolo_node.egg-info/top_level.txt
[2.314s] reading manifest file '../../build/yolo_node/yolo_node.egg-info/SOURCES.txt'
[2.315s] writing manifest file '../../build/yolo_node/yolo_node.egg-info/SOURCES.txt'
[2.315s] running build
[2.316s] running build_py
[2.316s] copying yolo_node/yolo_detect_wrapper.py -> /home/baltasar/proyecto final/deteccion_objetos/ros2_ws/build/yolo_node/build/lib/yolo_node
[2.317s] running install
[2.328s] running install_lib
[2.364s] copying /home/baltasar/proyecto final/deteccion_objetos/ros2_ws/build/yolo_node/build/lib/yolo_node/yolo_detect_wrapper.py -> /home/baltasar/proyecto final/deteccion_objetos/ros2_ws/install/yolo_node/lib/python3.12/site-packages/yolo_node
[2.364s] byte-compiling /home/baltasar/proyecto final/deteccion_objetos/ros2_ws/install/yolo_node/lib/python3.12/site-packages/yolo_node/yolo_detect_wrapper.py to yolo_detect_wrapper.cpython-312.pyc
[2.365s] running install_data
[2.365s] running install_egg_info
[2.402s] removing '/home/baltasar/proyecto final/deteccion_objetos/ros2_ws/install/yolo_node/lib/python3.12/site-packages/yolo_node-0.0.0-py3.12.egg-info' (and everything under it)
[2.403s] Copying ../../build/yolo_node/yolo_node.egg-info to /home/baltasar/proyecto final/deteccion_objetos/ros2_ws/install/yolo_node/lib/python3.12/site-packages/yolo_node-0.0.0-py3.12.egg-info
[2.405s] running install_scripts
[2.636s] Installing yolo_detect script to /home/baltasar/proyecto final/deteccion_objetos/ros2_ws/install/yolo_node/lib/yolo_node
[2.636s] writing list of installed files to '/home/baltasar/proyecto final/deteccion_objetos/ros2_ws/build/yolo_node/install.log'
[2.686s] Invoked command in '/home/baltasar/proyecto final/deteccion_objetos/ros2_ws/src/yolo_node' returned '0': DEBUGINFOD_URLS=https://debuginfod.ubuntu.com PS1=(my_env) \[\e]0;\u@\h: \w\a\]${debian_chroot:+($debian_chroot)}\[\033[01;32m\]\u@\h\[\033[00m\]:\[\033[01;34m\]\w\[\033[00m\]\$ PYTHONPATH=/home/baltasar/proyecto final/deteccion_objetos/ros2_ws/build/yolo_node/prefix_override:/usr/lib/python3/dist-packages/colcon_core/task/python/colcon_distutils_commands:/home/baltasar/proyecto final/deteccion_objetos/ros2_ws/install/yolo_node/lib/python3.12/site-packages:${PYTHONPATH} VIRTUAL_ENV_PROMPT=(my_env) /usr/bin/python3 -W ignore:setup.py install is deprecated -W ignore:easy_install command is deprecated setup.py egg_info --egg-base ../../build/yolo_node build --build-base /home/baltasar/proyecto final/deteccion_objetos/ros2_ws/build/yolo_node/build install --record /home/baltasar/proyecto final/deteccion_objetos/ros2_ws/build/yolo_node/install.log --single-version-externally-managed install_data
