running egg_info
creating ../../build/location_pkg/location_pkg.egg-info
writing ../../build/location_pkg/location_pkg.egg-info/PKG-INFO
writing dependency_links to ../../build/location_pkg/location_pkg.egg-info/dependency_links.txt
writing entry points to ../../build/location_pkg/location_pkg.egg-info/entry_points.txt
writing requirements to ../../build/location_pkg/location_pkg.egg-info/requires.txt
writing top-level names to ../../build/location_pkg/location_pkg.egg-info/top_level.txt
writing manifest file '../../build/location_pkg/location_pkg.egg-info/SOURCES.txt'
reading manifest file '../../build/location_pkg/location_pkg.egg-info/SOURCES.txt'
writing manifest file '../../build/location_pkg/location_pkg.egg-info/SOURCES.txt'
running build
running build_py
creating /home/baltasar/proyecto final/deteccion_objetos/ros2_ws/build/location_pkg/build
creating /home/baltasar/proyecto final/deteccion_objetos/ros2_ws/build/location_pkg/build/lib
creating /home/baltasar/proyecto final/deteccion_objetos/ros2_ws/build/location_pkg/build/lib/location_pkg
copying location_pkg/__init__.py -> /home/baltasar/proyecto final/deteccion_objetos/ros2_ws/build/location_pkg/build/lib/location_pkg
copying location_pkg/object_location.py -> /home/baltasar/proyecto final/deteccion_objetos/ros2_ws/build/location_pkg/build/lib/location_pkg
running install
running install_lib
creating /home/baltasar/proyecto final/deteccion_objetos/ros2_ws/install/location_pkg/lib/python3.12/site-packages/location_pkg
copying /home/baltasar/proyecto final/deteccion_objetos/ros2_ws/build/location_pkg/build/lib/location_pkg/__init__.py -> /home/baltasar/proyecto final/deteccion_objetos/ros2_ws/install/location_pkg/lib/python3.12/site-packages/location_pkg
copying /home/baltasar/proyecto final/deteccion_objetos/ros2_ws/build/location_pkg/build/lib/location_pkg/object_location.py -> /home/baltasar/proyecto final/deteccion_objetos/ros2_ws/install/location_pkg/lib/python3.12/site-packages/location_pkg
byte-compiling /home/baltasar/proyecto final/deteccion_objetos/ros2_ws/install/location_pkg/lib/python3.12/site-packages/location_pkg/__init__.py to __init__.cpython-312.pyc
byte-compiling /home/baltasar/proyecto final/deteccion_objetos/ros2_ws/install/location_pkg/lib/python3.12/site-packages/location_pkg/object_location.py to object_location.cpython-312.pyc
running install_data
creating /home/baltasar/proyecto final/deteccion_objetos/ros2_ws/install/location_pkg/share/ament_index
creating /home/baltasar/proyecto final/deteccion_objetos/ros2_ws/install/location_pkg/share/ament_index/resource_index
creating /home/baltasar/proyecto final/deteccion_objetos/ros2_ws/install/location_pkg/share/ament_index/resource_index/packages
copying resource/location_pkg -> /home/baltasar/proyecto final/deteccion_objetos/ros2_ws/install/location_pkg/share/ament_index/resource_index/packages
copying package.xml -> /home/baltasar/proyecto final/deteccion_objetos/ros2_ws/install/location_pkg/share/location_pkg
running install_egg_info
Copying ../../build/location_pkg/location_pkg.egg-info to /home/baltasar/proyecto final/deteccion_objetos/ros2_ws/install/location_pkg/lib/python3.12/site-packages/location_pkg-0.0.0-py3.12.egg-info
running install_scripts
Installing location_node script to /home/baltasar/proyecto final/deteccion_objetos/ros2_ws/install/location_pkg/lib/location_pkg
writing list of installed files to '/home/baltasar/proyecto final/deteccion_objetos/ros2_ws/build/location_pkg/install.log'
