running egg_info
creating ../../build/yolo_node/yolo_node.egg-info
writing ../../build/yolo_node/yolo_node.egg-info/PKG-INFO
writing dependency_links to ../../build/yolo_node/yolo_node.egg-info/dependency_links.txt
writing entry points to ../../build/yolo_node/yolo_node.egg-info/entry_points.txt
writing requirements to ../../build/yolo_node/yolo_node.egg-info/requires.txt
writing top-level names to ../../build/yolo_node/yolo_node.egg-info/top_level.txt
writing manifest file '../../build/yolo_node/yolo_node.egg-info/SOURCES.txt'
reading manifest file '../../build/yolo_node/yolo_node.egg-info/SOURCES.txt'
writing manifest file '../../build/yolo_node/yolo_node.egg-info/SOURCES.txt'
running build
running build_py
creating /home/baltasar/proyecto final/deteccion_objetos/ros2_ws/build/yolo_node/build
creating /home/baltasar/proyecto final/deteccion_objetos/ros2_ws/build/yolo_node/build/lib
creating /home/baltasar/proyecto final/deteccion_objetos/ros2_ws/build/yolo_node/build/lib/yolo_node
copying yolo_node/__init__.py -> /home/baltasar/proyecto final/deteccion_objetos/ros2_ws/build/yolo_node/build/lib/yolo_node
copying yolo_node/yolo_detect_wrapper.py -> /home/baltasar/proyecto final/deteccion_objetos/ros2_ws/build/yolo_node/build/lib/yolo_node
copying yolo_node/yolo_detect_node.py -> /home/baltasar/proyecto final/deteccion_objetos/ros2_ws/build/yolo_node/build/lib/yolo_node
running install
running install_lib
creating /home/baltasar/proyecto final/deteccion_objetos/ros2_ws/install/yolo_node/lib/python3.12/site-packages/yolo_node
copying /home/baltasar/proyecto final/deteccion_objetos/ros2_ws/build/yolo_node/build/lib/yolo_node/__init__.py -> /home/baltasar/proyecto final/deteccion_objetos/ros2_ws/install/yolo_node/lib/python3.12/site-packages/yolo_node
copying /home/baltasar/proyecto final/deteccion_objetos/ros2_ws/build/yolo_node/build/lib/yolo_node/yolo_detect_wrapper.py -> /home/baltasar/proyecto final/deteccion_objetos/ros2_ws/install/yolo_node/lib/python3.12/site-packages/yolo_node
copying /home/baltasar/proyecto final/deteccion_objetos/ros2_ws/build/yolo_node/build/lib/yolo_node/yolo_detect_node.py -> /home/baltasar/proyecto final/deteccion_objetos/ros2_ws/install/yolo_node/lib/python3.12/site-packages/yolo_node
byte-compiling /home/baltasar/proyecto final/deteccion_objetos/ros2_ws/install/yolo_node/lib/python3.12/site-packages/yolo_node/__init__.py to __init__.cpython-312.pyc
byte-compiling /home/baltasar/proyecto final/deteccion_objetos/ros2_ws/install/yolo_node/lib/python3.12/site-packages/yolo_node/yolo_detect_wrapper.py to yolo_detect_wrapper.cpython-312.pyc
byte-compiling /home/baltasar/proyecto final/deteccion_objetos/ros2_ws/install/yolo_node/lib/python3.12/site-packages/yolo_node/yolo_detect_node.py to yolo_detect_node.cpython-312.pyc
running install_data
creating /home/baltasar/proyecto final/deteccion_objetos/ros2_ws/install/yolo_node/share/ament_index
creating /home/baltasar/proyecto final/deteccion_objetos/ros2_ws/install/yolo_node/share/ament_index/resource_index
creating /home/baltasar/proyecto final/deteccion_objetos/ros2_ws/install/yolo_node/share/ament_index/resource_index/packages
copying resource/yolo_node -> /home/baltasar/proyecto final/deteccion_objetos/ros2_ws/install/yolo_node/share/ament_index/resource_index/packages
copying package.xml -> /home/baltasar/proyecto final/deteccion_objetos/ros2_ws/install/yolo_node/share/yolo_node
creating /home/baltasar/proyecto final/deteccion_objetos/ros2_ws/install/yolo_node/share/yolo_node/launch
copying launch/yolo_launch.py -> /home/baltasar/proyecto final/deteccion_objetos/ros2_ws/install/yolo_node/share/yolo_node/launch
running install_egg_info
Copying ../../build/yolo_node/yolo_node.egg-info to /home/baltasar/proyecto final/deteccion_objetos/ros2_ws/install/yolo_node/lib/python3.12/site-packages/yolo_node-0.0.0-py3.12.egg-info
running install_scripts
Installing yolo_detect script to /home/baltasar/proyecto final/deteccion_objetos/ros2_ws/install/yolo_node/lib/yolo_node
writing list of installed files to '/home/baltasar/proyecto final/deteccion_objetos/ros2_ws/build/yolo_node/install.log'
