[0.780s] Invoking command in '/home/baltasar/proyecto final/deteccion_objetos/ros2_ws/src/yolo_node': DEBUGINFOD_URLS=https://debuginfod.ubuntu.com PS1=(my_env) \[\e]0;\u@\h: \w\a\]${debian_chroot:+($debian_chroot)}\[\033[01;32m\]\u@\h\[\033[00m\]:\[\033[01;34m\]\w\[\033[00m\]\$ PYTHONPATH=/home/baltasar/proyecto final/deteccion_objetos/ros2_ws/build/yolo_node/prefix_override:/usr/lib/python3/dist-packages/colcon_core/task/python/colcon_distutils_commands:/home/baltasar/proyecto final/deteccion_objetos/ros2_ws/install/yolo_node/lib/python3.12/site-packages:${PYTHONPATH} VIRTUAL_ENV_PROMPT=(my_env) /usr/bin/python3 -W ignore:setup.py install is deprecated -W ignore:easy_install command is deprecated setup.py egg_info --egg-base ../../build/yolo_node build --build-base /home/baltasar/proyecto final/deteccion_objetos/ros2_ws/build/yolo_node/build install --record /home/baltasar/proyecto final/deteccion_objetos/ros2_ws/build/yolo_node/install.log --single-version-externally-managed install_data
[1.026s] running egg_info
[1.026s] creating ../../build/yolo_node/yolo_node.egg-info
[1.044s] writing ../../build/yolo_node/yolo_node.egg-info/PKG-INFO
[1.044s] writing dependency_links to ../../build/yolo_node/yolo_node.egg-info/dependency_links.txt
[1.044s] writing entry points to ../../build/yolo_node/yolo_node.egg-info/entry_points.txt
[1.044s] writing requirements to ../../build/yolo_node/yolo_node.egg-info/requires.txt
[1.044s] writing top-level names to ../../build/yolo_node/yolo_node.egg-info/top_level.txt
[1.045s] writing manifest file '../../build/yolo_node/yolo_node.egg-info/SOURCES.txt'
[1.079s] reading manifest file '../../build/yolo_node/yolo_node.egg-info/SOURCES.txt'
[1.080s] writing manifest file '../../build/yolo_node/yolo_node.egg-info/SOURCES.txt'
[1.080s] running build
[1.081s] running build_py
[1.081s] creating /home/baltasar/proyecto final/deteccion_objetos/ros2_ws/build/yolo_node/build
[1.081s] creating /home/baltasar/proyecto final/deteccion_objetos/ros2_ws/build/yolo_node/build/lib
[1.081s] creating /home/baltasar/proyecto final/deteccion_objetos/ros2_ws/build/yolo_node/build/lib/yolo_node
[1.081s] copying yolo_node/__init__.py -> /home/baltasar/proyecto final/deteccion_objetos/ros2_ws/build/yolo_node/build/lib/yolo_node
[1.081s] copying yolo_node/yolo_detect_wrapper.py -> /home/baltasar/proyecto final/deteccion_objetos/ros2_ws/build/yolo_node/build/lib/yolo_node
[1.081s] copying yolo_node/yolo_detect_node.py -> /home/baltasar/proyecto final/deteccion_objetos/ros2_ws/build/yolo_node/build/lib/yolo_node
[1.081s] running install
[1.086s] running install_lib
[1.105s] creating /home/baltasar/proyecto final/deteccion_objetos/ros2_ws/install/yolo_node/lib/python3.12/site-packages/yolo_node
[1.105s] copying /home/baltasar/proyecto final/deteccion_objetos/ros2_ws/build/yolo_node/build/lib/yolo_node/__init__.py -> /home/baltasar/proyecto final/deteccion_objetos/ros2_ws/install/yolo_node/lib/python3.12/site-packages/yolo_node
[1.105s] copying /home/baltasar/proyecto final/deteccion_objetos/ros2_ws/build/yolo_node/build/lib/yolo_node/yolo_detect_wrapper.py -> /home/baltasar/proyecto final/deteccion_objetos/ros2_ws/install/yolo_node/lib/python3.12/site-packages/yolo_node
[1.105s] copying /home/baltasar/proyecto final/deteccion_objetos/ros2_ws/build/yolo_node/build/lib/yolo_node/yolo_detect_node.py -> /home/baltasar/proyecto final/deteccion_objetos/ros2_ws/install/yolo_node/lib/python3.12/site-packages/yolo_node
[1.105s] byte-compiling /home/baltasar/proyecto final/deteccion_objetos/ros2_ws/install/yolo_node/lib/python3.12/site-packages/yolo_node/__init__.py to __init__.cpython-312.pyc
[1.106s] byte-compiling /home/baltasar/proyecto final/deteccion_objetos/ros2_ws/install/yolo_node/lib/python3.12/site-packages/yolo_node/yolo_detect_wrapper.py to yolo_detect_wrapper.cpython-312.pyc
[1.106s] byte-compiling /home/baltasar/proyecto final/deteccion_objetos/ros2_ws/install/yolo_node/lib/python3.12/site-packages/yolo_node/yolo_detect_node.py to yolo_detect_node.cpython-312.pyc
[1.107s] running install_data
[1.107s] creating /home/baltasar/proyecto final/deteccion_objetos/ros2_ws/install/yolo_node/share/ament_index
[1.107s] creating /home/baltasar/proyecto final/deteccion_objetos/ros2_ws/install/yolo_node/share/ament_index/resource_index
[1.107s] creating /home/baltasar/proyecto final/deteccion_objetos/ros2_ws/install/yolo_node/share/ament_index/resource_index/packages
[1.107s] copying resource/yolo_node -> /home/baltasar/proyecto final/deteccion_objetos/ros2_ws/install/yolo_node/share/ament_index/resource_index/packages
[1.108s] copying package.xml -> /home/baltasar/proyecto final/deteccion_objetos/ros2_ws/install/yolo_node/share/yolo_node
[1.108s] creating /home/baltasar/proyecto final/deteccion_objetos/ros2_ws/install/yolo_node/share/yolo_node/launch
[1.108s] copying launch/yolo_launch.py -> /home/baltasar/proyecto final/deteccion_objetos/ros2_ws/install/yolo_node/share/yolo_node/launch
[1.108s] running install_egg_info
[1.127s] Copying ../../build/yolo_node/yolo_node.egg-info to /home/baltasar/proyecto final/deteccion_objetos/ros2_ws/install/yolo_node/lib/python3.12/site-packages/yolo_node-0.0.0-py3.12.egg-info
[1.127s] running install_scripts
[1.246s] Installing yolo_detect script to /home/baltasar/proyecto final/deteccion_objetos/ros2_ws/install/yolo_node/lib/yolo_node
[1.246s] writing list of installed files to '/home/baltasar/proyecto final/deteccion_objetos/ros2_ws/build/yolo_node/install.log'
[1.285s] Invoked command in '/home/baltasar/proyecto final/deteccion_objetos/ros2_ws/src/yolo_node' returned '0': DEBUGINFOD_URLS=https://debuginfod.ubuntu.com PS1=(my_env) \[\e]0;\u@\h: \w\a\]${debian_chroot:+($debian_chroot)}\[\033[01;32m\]\u@\h\[\033[00m\]:\[\033[01;34m\]\w\[\033[00m\]\$ PYTHONPATH=/home/baltasar/proyecto final/deteccion_objetos/ros2_ws/build/yolo_node/prefix_override:/usr/lib/python3/dist-packages/colcon_core/task/python/colcon_distutils_commands:/home/baltasar/proyecto final/deteccion_objetos/ros2_ws/install/yolo_node/lib/python3.12/site-packages:${PYTHONPATH} VIRTUAL_ENV_PROMPT=(my_env) /usr/bin/python3 -W ignore:setup.py install is deprecated -W ignore:easy_install command is deprecated setup.py egg_info --egg-base ../../build/yolo_node build --build-base /home/baltasar/proyecto final/deteccion_objetos/ros2_ws/build/yolo_node/build install --record /home/baltasar/proyecto final/deteccion_objetos/ros2_ws/build/yolo_node/install.log --single-version-externally-managed install_data
