[0.776s] Invoking command in '/home/baltasar/proyecto final/deteccion_objetos/ros2_ws/build/yolo_node': DEBUGINFOD_URLS=https://debuginfod.ubuntu.com PS1=(my_env) \[\e]0;\u@\h: \w\a\]${debian_chroot:+($debian_chroot)}\[\033[01;32m\]\u@\h\[\033[00m\]:\[\033[01;34m\]\w\[\033[00m\]\$ PYTHONPATH=/home/baltasar/proyecto final/deteccion_objetos/ros2_ws/build/yolo_node/prefix_override:/usr/lib/python3/dist-packages/colcon_core/task/python/colcon_distutils_commands:/home/baltasar/proyecto final/deteccion_objetos/ros2_ws/install/yolo_node/lib/python3.12/site-packages:${PYTHONPATH} VIRTUAL_ENV_PROMPT=(my_env) /usr/bin/python3 -W ignore:setup.py install is deprecated -W ignore:easy_install command is deprecated setup.py develop --editable --build-directory /home/baltasar/proyecto final/deteccion_objetos/ros2_ws/build/yolo_node/build --no-deps symlink_data --force
[1.066s] running develop
[1.250s] running egg_info
[1.268s] writing yolo_node.egg-info/PKG-INFO
[1.268s] writing dependency_links to yolo_node.egg-info/dependency_links.txt
[1.268s] writing entry points to yolo_node.egg-info/entry_points.txt
[1.268s] writing requirements to yolo_node.egg-info/requires.txt
[1.268s] writing top-level names to yolo_node.egg-info/top_level.txt
[1.304s] reading manifest file 'yolo_node.egg-info/SOURCES.txt'
[1.305s] writing manifest file 'yolo_node.egg-info/SOURCES.txt'
[1.325s] running build_ext
[1.325s] Creating /home/baltasar/proyecto final/deteccion_objetos/ros2_ws/install/yolo_node/lib/python3.12/site-packages/yolo-node.egg-link (link to .)
[1.325s] Installing yolo_detect script to /home/baltasar/proyecto final/deteccion_objetos/ros2_ws/install/yolo_node/lib/yolo_node
[1.326s] 
[1.326s] Installed /home/baltasar/proyecto final/deteccion_objetos/ros2_ws/build/yolo_node
[1.326s] running symlink_data
[1.326s] symbolically linking /home/baltasar/proyecto final/deteccion_objetos/ros2_ws/build/yolo_node/resource/yolo_node -> /home/baltasar/proyecto final/deteccion_objetos/ros2_ws/install/yolo_node/share/ament_index/resource_index/packages
[1.327s] symbolically linking /home/baltasar/proyecto final/deteccion_objetos/ros2_ws/build/yolo_node/package.xml -> /home/baltasar/proyecto final/deteccion_objetos/ros2_ws/install/yolo_node/share/yolo_node
[1.327s] symbolically linking /home/baltasar/proyecto final/deteccion_objetos/ros2_ws/build/yolo_node/launch/yolo_launch.py -> /home/baltasar/proyecto final/deteccion_objetos/ros2_ws/install/yolo_node/share/yolo_node/launch
[1.372s] Invoked command in '/home/baltasar/proyecto final/deteccion_objetos/ros2_ws/build/yolo_node' returned '0': DEBUGINFOD_URLS=https://debuginfod.ubuntu.com PS1=(my_env) \[\e]0;\u@\h: \w\a\]${debian_chroot:+($debian_chroot)}\[\033[01;32m\]\u@\h\[\033[00m\]:\[\033[01;34m\]\w\[\033[00m\]\$ PYTHONPATH=/home/baltasar/proyecto final/deteccion_objetos/ros2_ws/build/yolo_node/prefix_override:/usr/lib/python3/dist-packages/colcon_core/task/python/colcon_distutils_commands:/home/baltasar/proyecto final/deteccion_objetos/ros2_ws/install/yolo_node/lib/python3.12/site-packages:${PYTHONPATH} VIRTUAL_ENV_PROMPT=(my_env) /usr/bin/python3 -W ignore:setup.py install is deprecated -W ignore:easy_install command is deprecated setup.py develop --editable --build-directory /home/baltasar/proyecto final/deteccion_objetos/ros2_ws/build/yolo_node/build --no-deps symlink_data --force
